java -ea -Xmx16g -Xms16g -cp /root/.local/bin/bbmap/current/ align2.BBMap build=1 overwrite=true fastareadlen=500 -Xmx16g in=stdin.fq t=4 ref=/data/DemoData/MySingleExperiment/analysis_single/design_files.fasta int=f local=f nodisk vslow k=8 maxindel=200 minratio=0.1 mappedonly out=/data/DemoData/MySingleExperiment/analysis_single/mapped.bam scafstats=/data/DemoData/MySingleExperiment/analysis_single/analysis/coverage.tsv
java -ea -Xmx16g -Xms16g -cp /root/.local/bin/bbmap/current/ jgi.BBDuk -Xmx16g in1=/data/DemoData/MySingleExperiment/analysis_single/R1.fq.gz samplerate=1.0 out=stdout.fq t=4
Executing jgi.BBDuk [-Xmx16g, in1=/data/DemoData/MySingleExperiment/analysis_single/R1.fq.gz, samplerate=1.0, out=stdout.fq, t=4]
Version 38.99

Set threads to 4
Executing align2.BBMap [tipsearch=150, minhits=1, minratio=0.25, rescuemismatches=50, rescuedist=3000, build=1, overwrite=true, fastareadlen=500, -Xmx16g, in=stdin.fq, t=4, ref=/data/DemoData/MySingleExperiment/analysis_single/design_files.fasta, int=f, local=f, nodisk, k=8, maxindel=200, minratio=0.1, mappedonly, out=/data/DemoData/MySingleExperiment/analysis_single/mapped.bam, scafstats=/data/DemoData/MySingleExperiment/analysis_single/analysis/coverage.tsv]
Version 38.99

Set MINIMUM_ALIGNMENT_SCORE_RATIO to 0.250
Set threads to 4
Set INTERLEAVED to false
Set MINIMUM_ALIGNMENT_SCORE_RATIO to 0.100
Set OUTPUT_MAPPED_ONLY to true
Scaffold statistics will be written to /data/DemoData/MySingleExperiment/analysis_single/analysis/coverage.tsv
Retaining first best site only for ambiguous mappings.
Executing dna.FastaToChromArrays2 [/data/DemoData/MySingleExperiment/analysis_single/design_files.fasta, 1, writeinthread=false, genscaffoldinfo=true, retain, waitforwriting=false, gz=true, maxlen=536670912, writechroms=false, minscaf=1, midpad=300, startpad=8000, stoppad=8000, nodisk=true]

Set genScaffoldInfo=true
0.041 seconds.
Initial:
Memory: max=17179m, total=17179m, free=17140m, used=39m

Input is being processed as unpaired
Started output streams:	0.166 seconds.
Set genome to 1

Loaded Reference:	0.003 seconds.
Loading index for chunk 1-1, build 1
Indexing threads started for block 0-1
Indexing threads finished for block 0-1
Generated Index:	0.036 seconds.
Analyzed Index:   	0.037 seconds.
Could not find samtools.
Started output stream:	0.173 seconds.
Creating scaffold statistics table:   	0.016 seconds.
Cleared Memory:    	0.142 seconds.
Processing reads in single-ended mode.
Started read stream.
Started 4 mapping threads.
Processing time:   		2.139 seconds.

Input:                  	30000 reads 		4500000 bases.
Total Removed:          	0 reads (0.00%) 	0 bases (0.00%)
Result:                 	30000 reads (100.00%) 	4500000 bases (100.00%)

Time:                         	2.306 seconds.
Reads Processed:       30000 	13.01k reads/sec
Bases Processed:       4500k 	1.95m bases/sec
Detecting finished threads: 0, 1, 2, 3

   ------------------   Results   ------------------   

Genome:                	1
Key Length:            	8
Max Indel:             	200
Minimum Score Ratio:  	0.1
Mapping Mode:         	normal
Reads Used:           	30000	(4500000 bases)

Mapping:          	1.806 seconds.
Reads/sec:       	16611.96
kBases/sec:      	2491.79


Read 1 data:      	pct reads	num reads 	pct bases	   num bases

mapped:          	 98.0567% 	    29417 	 98.0567% 	     4412550
unambiguous:     	 98.0567% 	    29417 	 98.0567% 	     4412550
ambiguous:       	  0.0000% 	        0 	  0.0000% 	           0
low-Q discards:  	  0.0000% 	        0 	  0.0000% 	           0

perfect best site:	  0.0000% 	        0 	  0.0000% 	           0
semiperfect site:	 62.5000% 	    18750 	 62.5000% 	     2812500

Match Rate:      	      NA 	       NA 	 71.6621% 	     3163184
Error Rate:      	 36.2613% 	    10667 	  0.3117% 	       13757
Sub Rate:        	 34.0517% 	    10017 	  0.2783% 	       12283
Del Rate:        	  3.2872% 	      967 	  0.0334% 	        1474
Ins Rate:        	  0.0000% 	        0 	  0.0000% 	           0
N Rate:          	100.0000% 	    29417 	 28.0262% 	     1237083

Total time:     	3.500 seconds.
