java -ea -Xmx16g -Xms16g -cp /root/.local/bin/bbmap/current/ jgi.BBDuk -Xmx16g in1=/data/DemoData/MyMultipleExperiments/BatchExperiment1/analysis_clustered/R1.fq.gz samplerate=1.0 out=stdout.fq t=4
java -ea -Xmx16g -Xms16g -cp /root/.local/bin/bbmap/current/ align2.BBMap build=1 overwrite=true fastareadlen=500 -Xmx16g in=stdin.fq t=4 ref=/data/DemoData/MyMultipleExperiments/BatchExperiment1/analysis_clustered/design_files.fasta int=f local=f nodisk vslow k=8 maxindel=200 minratio=0.1 mappedonly out=/data/DemoData/MyMultipleExperiments/BatchExperiment1/analysis_clustered/mapped.bam scafstats=/data/DemoData/MyMultipleExperiments/BatchExperiment1/analysis_clustered/analysis/coverage.tsv
Executing jgi.BBDuk [-Xmx16g, in1=/data/DemoData/MyMultipleExperiments/BatchExperiment1/analysis_clustered/R1.fq.gz, samplerate=1.0, out=stdout.fq, t=4]
Version 38.99

Set threads to 4
Executing align2.BBMap [tipsearch=150, minhits=1, minratio=0.25, rescuemismatches=50, rescuedist=3000, build=1, overwrite=true, fastareadlen=500, -Xmx16g, in=stdin.fq, t=4, ref=/data/DemoData/MyMultipleExperiments/BatchExperiment1/analysis_clustered/design_files.fasta, int=f, local=f, nodisk, k=8, maxindel=200, minratio=0.1, mappedonly, out=/data/DemoData/MyMultipleExperiments/BatchExperiment1/analysis_clustered/mapped.bam, scafstats=/data/DemoData/MyMultipleExperiments/BatchExperiment1/analysis_clustered/analysis/coverage.tsv]
Version 38.99

Set MINIMUM_ALIGNMENT_SCORE_RATIO to 0.250
Set threads to 4
Set INTERLEAVED to false
Set MINIMUM_ALIGNMENT_SCORE_RATIO to 0.100
Set OUTPUT_MAPPED_ONLY to true
Scaffold statistics will be written to /data/DemoData/MyMultipleExperiments/BatchExperiment1/analysis_clustered/analysis/coverage.tsv
Retaining first best site only for ambiguous mappings.
Executing dna.FastaToChromArrays2 [/data/DemoData/MyMultipleExperiments/BatchExperiment1/analysis_clustered/design_files.fasta, 1, writeinthread=false, genscaffoldinfo=true, retain, waitforwriting=false, gz=true, maxlen=536670912, writechroms=false, minscaf=1, midpad=300, startpad=8000, stoppad=8000, nodisk=true]

Set genScaffoldInfo=true
0.008 seconds.
Initial:
Memory: max=17179m, total=17179m, free=17141m, used=38m

Input is being processed as unpaired
Started output streams:	0.009 seconds.
Set genome to 1

Loaded Reference:	0.003 seconds.
Loading index for chunk 1-1, build 1
Indexing threads started for block 0-1
Indexing threads finished for block 0-1
Generated Index:	0.023 seconds.
Analyzed Index:   	0.007 seconds.
Could not find samtools.
Started output stream:	0.014 seconds.
Creating scaffold statistics table:   	0.001 seconds.
Cleared Memory:    	0.130 seconds.
Processing reads in single-ended mode.
Started read stream.
Started 4 mapping threads.
Processing time:   		0.280 seconds.

Input:                  	998 reads 		107784 bases.
Total Removed:          	0 reads (0.00%) 	0 bases (0.00%)
Result:                 	998 reads (100.00%) 	107784 bases (100.00%)

Time:                         	0.290 seconds.
Reads Processed:         998 	3.45k reads/sec
Bases Processed:        107k 	0.37m bases/sec
Detecting finished threads: 0, 1, 2, 3

   ------------------   Results   ------------------   

Genome:                	1
Key Length:            	8
Max Indel:             	200
Minimum Score Ratio:  	0.1
Mapping Mode:         	normal
Reads Used:           	998	(107784 bases)

Mapping:          	0.141 seconds.
Reads/sec:       	7099.32
kBases/sec:      	766.73


Read 1 data:      	pct reads	num reads 	pct bases	   num bases

mapped:          	100.0000% 	      998 	100.0000% 	      107784
unambiguous:     	100.0000% 	      998 	100.0000% 	      107784
ambiguous:       	  0.0000% 	        0 	  0.0000% 	           0
low-Q discards:  	  0.0000% 	        0 	  0.0000% 	           0

perfect best site:	 98.6974% 	      985 	 98.6974% 	      106380
semiperfect site:	 98.6974% 	      985 	 98.6974% 	      106380

Match Rate:      	      NA 	       NA 	 99.9861% 	      107769
Error Rate:      	  1.3026% 	       13 	  0.0139% 	          15
Sub Rate:        	  1.3026% 	       13 	  0.0139% 	          15
Del Rate:        	  0.0000% 	        0 	  0.0000% 	           0
Ins Rate:        	  0.0000% 	        0 	  0.0000% 	           0
N Rate:          	  0.0000% 	        0 	  0.0000% 	           0

Total time:     	0.458 seconds.
