java -ea -Xmx16g -Xms16g -cp /root/.local/bin/bbmap/current/ jgi.BBDuk -Xmx16g in1=/data/DemoData/MyMultipleExperiments/BatchExperiment2/analysis_clustered/R1.fq.gz samplerate=1.0 out=stdout.fq t=4
java -ea -Xmx16g -Xms16g -cp /root/.local/bin/bbmap/current/ align2.BBMap build=1 overwrite=true fastareadlen=500 -Xmx16g in=stdin.fq t=4 ref=/data/DemoData/MyMultipleExperiments/BatchExperiment2/analysis_clustered/design_files.fasta int=f local=f nodisk vslow k=8 maxindel=200 minratio=0.1 mappedonly out=/data/DemoData/MyMultipleExperiments/BatchExperiment2/analysis_clustered/mapped.bam scafstats=/data/DemoData/MyMultipleExperiments/BatchExperiment2/analysis_clustered/analysis/coverage.tsv
Executing jgi.BBDuk [-Xmx16g, in1=/data/DemoData/MyMultipleExperiments/BatchExperiment2/analysis_clustered/R1.fq.gz, samplerate=1.0, out=stdout.fq, t=4]
Version 38.99

Set threads to 4
Executing align2.BBMap [tipsearch=150, minhits=1, minratio=0.25, rescuemismatches=50, rescuedist=3000, build=1, overwrite=true, fastareadlen=500, -Xmx16g, in=stdin.fq, t=4, ref=/data/DemoData/MyMultipleExperiments/BatchExperiment2/analysis_clustered/design_files.fasta, int=f, local=f, nodisk, k=8, maxindel=200, minratio=0.1, mappedonly, out=/data/DemoData/MyMultipleExperiments/BatchExperiment2/analysis_clustered/mapped.bam, scafstats=/data/DemoData/MyMultipleExperiments/BatchExperiment2/analysis_clustered/analysis/coverage.tsv]
Version 38.99

Set MINIMUM_ALIGNMENT_SCORE_RATIO to 0.250
Set threads to 4
Set INTERLEAVED to false
Set MINIMUM_ALIGNMENT_SCORE_RATIO to 0.100
Set OUTPUT_MAPPED_ONLY to true
Scaffold statistics will be written to /data/DemoData/MyMultipleExperiments/BatchExperiment2/analysis_clustered/analysis/coverage.tsv
Retaining first best site only for ambiguous mappings.
Executing dna.FastaToChromArrays2 [/data/DemoData/MyMultipleExperiments/BatchExperiment2/analysis_clustered/design_files.fasta, 1, writeinthread=false, genscaffoldinfo=true, retain, waitforwriting=false, gz=true, maxlen=536670912, writechroms=false, minscaf=1, midpad=300, startpad=8000, stoppad=8000, nodisk=true]

Set genScaffoldInfo=true
0.014 seconds.
Initial:
Memory: max=17179m, total=17179m, free=17142m, used=37m

Input is being processed as unpaired
Started output streams:	0.010 seconds.
Set genome to 1

Loaded Reference:	0.002 seconds.
Loading index for chunk 1-1, build 1
Indexing threads started for block 0-1
Indexing threads finished for block 0-1
Generated Index:	0.035 seconds.
Analyzed Index:   	0.007 seconds.
Could not find samtools.
Started output stream:	0.014 seconds.
Creating scaffold statistics table:   	0.001 seconds.
Cleared Memory:    	0.125 seconds.
Processing reads in single-ended mode.
Started read stream.
Started 4 mapping threads.
Processing time:   		0.279 seconds.

Input:                  	947 reads 		102061 bases.
Total Removed:          	0 reads (0.00%) 	0 bases (0.00%)
Result:                 	947 reads (100.00%) 	102061 bases (100.00%)

Time:                         	0.290 seconds.
Reads Processed:         947 	3.27k reads/sec
Bases Processed:        102k 	0.35m bases/sec
Detecting finished threads: 0, 1, 2, 3

   ------------------   Results   ------------------   

Genome:                	1
Key Length:            	8
Max Indel:             	200
Minimum Score Ratio:  	0.1
Mapping Mode:         	normal
Reads Used:           	947	(102061 bases)

Mapping:          	0.270 seconds.
Reads/sec:       	3500.94
kBases/sec:      	377.31


Read 1 data:      	pct reads	num reads 	pct bases	   num bases

mapped:          	100.0000% 	      947 	100.0000% 	      102061
unambiguous:     	100.0000% 	      947 	100.0000% 	      102061
ambiguous:       	  0.0000% 	        0 	  0.0000% 	           0
low-Q discards:  	  0.0000% 	        0 	  0.0000% 	           0

perfect best site:	 87.5396% 	      829 	 87.7191% 	       89527
semiperfect site:	 87.5396% 	      829 	 87.7191% 	       89527

Match Rate:      	      NA 	       NA 	 99.7330% 	      101974
Error Rate:      	 12.4604% 	      118 	  0.2670% 	         273
Sub Rate:        	  5.3854% 	       51 	  0.0851% 	          87
Del Rate:        	  8.7645% 	       83 	  0.1819% 	         186
Ins Rate:        	  0.0000% 	        0 	  0.0000% 	           0
N Rate:          	  0.0000% 	        0 	  0.0000% 	           0

Total time:     	0.596 seconds.
