java -ea -Xmx16g -Xms16g -cp /root/.local/bin/bbmap/current/ jgi.BBDuk -Xmx16g in1=/data/DemoData/MySingleExperiment/analysis_paired/R1.fq.gz in2=/data/DemoData/MySingleExperiment/analysis_paired/R2.fq.gz samplerate=1.0 out=stdout.fq t=4
java -ea -Xmx16g -Xms16g -cp /root/.local/bin/bbmap/current/ align2.BBMap build=1 overwrite=true fastareadlen=500 -Xmx16g in=stdin.fq t=4 ref=/data/DemoData/MySingleExperiment/analysis_paired/design_files.fasta int=t local=f nodisk vslow k=8 maxindel=200 minratio=0.1 mappedonly out=/data/DemoData/MySingleExperiment/analysis_paired/mapped.bam scafstats=/data/DemoData/MySingleExperiment/analysis_paired/analysis/coverage.tsv
Executing jgi.BBDuk [-Xmx16g, in1=/data/DemoData/MySingleExperiment/analysis_paired/R1.fq.gz, in2=/data/DemoData/MySingleExperiment/analysis_paired/R2.fq.gz, samplerate=1.0, out=stdout.fq, t=4]
Version 38.99

Set threads to 4
Executing align2.BBMap [tipsearch=150, minhits=1, minratio=0.25, rescuemismatches=50, rescuedist=3000, build=1, overwrite=true, fastareadlen=500, -Xmx16g, in=stdin.fq, t=4, ref=/data/DemoData/MySingleExperiment/analysis_paired/design_files.fasta, int=t, local=f, nodisk, k=8, maxindel=200, minratio=0.1, mappedonly, out=/data/DemoData/MySingleExperiment/analysis_paired/mapped.bam, scafstats=/data/DemoData/MySingleExperiment/analysis_paired/analysis/coverage.tsv]
Version 38.99

Set MINIMUM_ALIGNMENT_SCORE_RATIO to 0.250
Set threads to 4
Set INTERLEAVED to true
Set MINIMUM_ALIGNMENT_SCORE_RATIO to 0.100
Set OUTPUT_MAPPED_ONLY to true
Scaffold statistics will be written to /data/DemoData/MySingleExperiment/analysis_paired/analysis/coverage.tsv
Retaining first best site only for ambiguous mappings.
Executing dna.FastaToChromArrays2 [/data/DemoData/MySingleExperiment/analysis_paired/design_files.fasta, 1, writeinthread=false, genscaffoldinfo=true, retain, waitforwriting=false, gz=true, maxlen=536670912, writechroms=false, minscaf=1, midpad=300, startpad=8000, stoppad=8000, nodisk=true]

Set genScaffoldInfo=true
0.009 seconds.
Initial:
Memory: max=17179m, total=17179m, free=17142m, used=37m

Input is being processed as paired
Started output streams:	0.025 seconds.
Set genome to 1

Loaded Reference:	0.004 seconds.
Loading index for chunk 1-1, build 1
Indexing threads started for block 0-1
Indexing threads finished for block 0-1
Generated Index:	0.036 seconds.
Analyzed Index:   	0.009 seconds.
Could not find samtools.
Started output stream:	0.015 seconds.
Creating scaffold statistics table:   	0.001 seconds.
Cleared Memory:    	0.130 seconds.
Processing reads in paired-ended mode.
Started read stream.
Started 4 mapping threads.
Processing time:   		3.104 seconds.

Input:                  	60000 reads 		9000000 bases.
Total Removed:          	0 reads (0.00%) 	0 bases (0.00%)
Result:                 	60000 reads (100.00%) 	9000000 bases (100.00%)

Time:                         	3.130 seconds.
Reads Processed:       60000 	19.17k reads/sec
Bases Processed:       9000k 	2.88m bases/sec
Detecting finished threads: 0, 1, 2, 3

   ------------------   Results   ------------------   

Genome:                	1
Key Length:            	8
Max Indel:             	200
Minimum Score Ratio:  	0.1
Mapping Mode:         	normal
Reads Used:           	60000	(9000000 bases)

Mapping:          	3.038 seconds.
Reads/sec:       	19752.93
kBases/sec:      	2962.94


Pairing data:   	pct pairs	num pairs 	pct bases	   num bases

mated pairs:     	 98.0733% 	    29422 	 98.0733% 	     8826600
bad pairs:       	  0.0000% 	        0 	  0.0000% 	           0
insert size avg: 	  193.01


Read 1 data:      	pct reads	num reads 	pct bases	   num bases

mapped:          	 98.0867% 	    29426 	 98.0867% 	     4413900
unambiguous:     	 98.0867% 	    29426 	 98.0867% 	     4413900
ambiguous:       	  0.0000% 	        0 	  0.0000% 	           0
low-Q discards:  	  0.0000% 	        0 	  0.0000% 	           0

perfect best site:	  0.0000% 	        0 	  0.0000% 	           0
semiperfect site:	 62.5000% 	    18750 	 62.5000% 	     2812500
rescued:         	  0.3767% 	      113

Match Rate:      	      NA 	       NA 	 71.6620% 	     3164147
Error Rate:      	 36.2808% 	    10676 	  0.3118% 	       13766
Sub Rate:        	 34.0719% 	    10026 	  0.2784% 	       12292
Del Rate:        	  3.2862% 	      967 	  0.0334% 	        1474
Ins Rate:        	  0.0000% 	        0 	  0.0000% 	           0
N Rate:          	100.0000% 	    29426 	 28.0262% 	     1237461


Read 2 data:      	pct reads	num reads 	pct bases	   num bases

mapped:          	 99.9467% 	    29984 	 99.9467% 	     4497600
unambiguous:     	 99.9467% 	    29984 	 99.9467% 	     4497600
ambiguous:       	  0.0000% 	        0 	  0.0000% 	           0
low-Q discards:  	  0.0000% 	        0 	  0.0000% 	           0

perfect best site:	  0.0000% 	        0 	  0.0000% 	           0
semiperfect site:	 55.4167% 	    16625 	 55.4167% 	     2493750
rescued:         	  6.6033% 	     1981

Match Rate:      	      NA 	       NA 	 71.5676% 	     3219878
Error Rate:      	 44.5538% 	    13359 	  0.4070% 	       18310
Sub Rate:        	 42.6694% 	    12794 	  0.3743% 	       16840
Del Rate:        	  3.2484% 	      974 	  0.0327% 	        1470
Ins Rate:        	  0.0000% 	        0 	  0.0000% 	           0
N Rate:          	100.0000% 	    29984 	 28.0254% 	     1260882

Total time:     	3.366 seconds.
